Flow report for course_project
Sat Mar 28 09:37:07 2015
Quartus II Version 9.0 Build 235 06/17/2009 Service Pack 2 SJ Web Edition


---------------------
; Table of Contents ;
---------------------
  1. Legal Notice
  2. Flow Summary
  3. Flow Settings
  4. Flow Non-Default Global Settings
  5. Flow Elapsed Time
  6. Flow OS Summary
  7. Flow Log



----------------
; Legal Notice ;
----------------
Copyright (C) 1991-2009 Altera Corporation
Your use of Altera Corporation's design tools, logic functions 
and other software and tools, and its AMPP partner logic 
functions, and any output files from any of the foregoing 
(including device programming or simulation files), and any 
associated documentation or information are expressly subject 
to the terms and conditions of the Altera Program License 
Subscription Agreement, Altera MegaCore Function License 
Agreement, or other applicable license agreement, including, 
without limitation, that your use is for the sole purpose of 
programming logic devices manufactured by Altera and sold by 
Altera or its authorized distributors.  Please refer to the 
applicable agreement for further details.



+------------------------------------------------------------------------+
; Flow Summary                                                           ;
+-------------------------+----------------------------------------------+
; Flow Status             ; Successful - Sat Mar 28 09:37:07 2015        ;
; Quartus II Version      ; 9.0 Build 235 06/17/2009 SP 2 SJ Web Edition ;
; Revision Name           ; course_project                               ;
; Top-level Entity Name   ; course_project                               ;
; Family                  ; FLEX10K                                      ;
; Device                  ; EPF10K10QC208-4                              ;
; Timing Models           ; Final                                        ;
; Met timing requirements ; No                                           ;
; Total logic elements    ; 209 / 576 ( 36 % )                           ;
; Total pins              ; 36 / 134 ( 27 % )                            ;
; Total memory bits       ; 1,280 / 6,144 ( 21 % )                       ;
+-------------------------+----------------------------------------------+


+-----------------------------------------+
; Flow Settings                           ;
+-------------------+---------------------+
; Option            ; Setting             ;
+-------------------+---------------------+
; Start date & time ; 03/28/2015 09:36:53 ;
; Main task         ; Compilation         ;
; Revision Name     ; course_project      ;
+-------------------+---------------------+


+--------------------------------------------------------------------------------------------------------------------+
; Flow Non-Default Global Settings                                                                                   ;
+------------------------------------+--------------------------------+---------------+-------------+----------------+
; Assignment Name                    ; Value                          ; Default Value ; Entity Name ; Section Id     ;
+------------------------------------+--------------------------------+---------------+-------------+----------------+
; COMPILER_SIGNATURE_ID              ; 49273378220679.142752821306388 ; --            ; --          ; --             ;
; IP_TOOL_NAME                       ; LPM_COUNTER                    ; --            ; --          ; --             ;
; IP_TOOL_NAME                       ; LPM_CONSTANT                   ; --            ; --          ; --             ;
; IP_TOOL_NAME                       ; LPM_AND                        ; --            ; --          ; --             ;
; IP_TOOL_NAME                       ; LPM_INV                        ; --            ; --          ; --             ;
; IP_TOOL_NAME                       ; LPM_COUNTER                    ; --            ; --          ; --             ;
; IP_TOOL_NAME                       ; LPM_COUNTER                    ; --            ; --          ; --             ;
; IP_TOOL_NAME                       ; LPM_COMPARE                    ; --            ; --          ; --             ;
; IP_TOOL_NAME                       ; LPM_COMPARE                    ; --            ; --          ; --             ;
; IP_TOOL_NAME                       ; LPM_MUX                        ; --            ; --          ; --             ;
; IP_TOOL_NAME                       ; LPM_CONSTANT                   ; --            ; --          ; --             ;
; IP_TOOL_NAME                       ; LPM_CONSTANT                   ; --            ; --          ; --             ;
; IP_TOOL_NAME                       ; LPM_DECODE                     ; --            ; --          ; --             ;
; IP_TOOL_NAME                       ; LPM_FF                         ; --            ; --          ; --             ;
; IP_TOOL_NAME                       ; LPM_COUNTER                    ; --            ; --          ; --             ;
; IP_TOOL_NAME                       ; LPM_CLSHIFT                    ; --            ; --          ; --             ;
; IP_TOOL_NAME                       ; LPM_COUNTER                    ; --            ; --          ; --             ;
; IP_TOOL_NAME                       ; LPM_INV                        ; --            ; --          ; --             ;
; IP_TOOL_NAME                       ; LPM_OR                         ; --            ; --          ; --             ;
; IP_TOOL_NAME                       ; LPM_FF                         ; --            ; --          ; --             ;
; IP_TOOL_NAME                       ; LPM_MUX                        ; --            ; --          ; --             ;
; IP_TOOL_NAME                       ; LPM_COUNTER                    ; --            ; --          ; --             ;
; IP_TOOL_NAME                       ; LPM_OR                         ; --            ; --          ; --             ;
; IP_TOOL_NAME                       ; LPM_CONSTANT                   ; --            ; --          ; --             ;
; IP_TOOL_NAME                       ; LPM_MUX                        ; --            ; --          ; --             ;
; IP_TOOL_NAME                       ; LPM_MUX                        ; --            ; --          ; --             ;
; IP_TOOL_NAME                       ; ROM: 1-PORT                    ; --            ; --          ; --             ;
; IP_TOOL_NAME                       ; LPM_COUNTER                    ; --            ; --          ; --             ;
; IP_TOOL_NAME                       ; LPM_OR                         ; --            ; --          ; --             ;
; IP_TOOL_NAME                       ; LPM_CLSHIFT                    ; --            ; --          ; --             ;
; IP_TOOL_NAME                       ; LPM_ADD_SUB                    ; --            ; --          ; --             ;
; IP_TOOL_NAME                       ; LPM_FF                         ; --            ; --          ; --             ;
; IP_TOOL_NAME                       ; LPM_MUX                        ; --            ; --          ; --             ;
; IP_TOOL_NAME                       ; LPM_CONSTANT                   ; --            ; --          ; --             ;
; IP_TOOL_NAME                       ; ROM: 1-PORT                    ; --            ; --          ; --             ;
; IP_TOOL_NAME                       ; LPM_COUNTER                    ; --            ; --          ; --             ;
; IP_TOOL_NAME                       ; LPM_COUNTER                    ; --            ; --          ; --             ;
; IP_TOOL_NAME                       ; LPM_CONSTANT                   ; --            ; --          ; --             ;
; IP_TOOL_NAME                       ; LPM_CONSTANT                   ; --            ; --          ; --             ;
; IP_TOOL_NAME                       ; LPM_AND                        ; --            ; --          ; --             ;
; IP_TOOL_NAME                       ; LPM_COMPARE                    ; --            ; --          ; --             ;
; IP_TOOL_NAME                       ; ROM: 1-PORT                    ; --            ; --          ; --             ;
; IP_TOOL_VERSION                    ; 9.0                            ; --            ; --          ; --             ;
; IP_TOOL_VERSION                    ; 9.0                            ; --            ; --          ; --             ;
; IP_TOOL_VERSION                    ; 9.0                            ; --            ; --          ; --             ;
; IP_TOOL_VERSION                    ; 9.0                            ; --            ; --          ; --             ;
; IP_TOOL_VERSION                    ; 9.0                            ; --            ; --          ; --             ;
; IP_TOOL_VERSION                    ; 9.0                            ; --            ; --          ; --             ;
; IP_TOOL_VERSION                    ; 9.0                            ; --            ; --          ; --             ;
; IP_TOOL_VERSION                    ; 9.0                            ; --            ; --          ; --             ;
; IP_TOOL_VERSION                    ; 9.0                            ; --            ; --          ; --             ;
; IP_TOOL_VERSION                    ; 9.0                            ; --            ; --          ; --             ;
; IP_TOOL_VERSION                    ; 9.0                            ; --            ; --          ; --             ;
; IP_TOOL_VERSION                    ; 9.0                            ; --            ; --          ; --             ;
; IP_TOOL_VERSION                    ; 9.0                            ; --            ; --          ; --             ;
; IP_TOOL_VERSION                    ; 9.0                            ; --            ; --          ; --             ;
; IP_TOOL_VERSION                    ; 9.0                            ; --            ; --          ; --             ;
; IP_TOOL_VERSION                    ; 9.0                            ; --            ; --          ; --             ;
; IP_TOOL_VERSION                    ; 9.0                            ; --            ; --          ; --             ;
; IP_TOOL_VERSION                    ; 9.0                            ; --            ; --          ; --             ;
; IP_TOOL_VERSION                    ; 9.0                            ; --            ; --          ; --             ;
; IP_TOOL_VERSION                    ; 9.0                            ; --            ; --          ; --             ;
; IP_TOOL_VERSION                    ; 9.0                            ; --            ; --          ; --             ;
; IP_TOOL_VERSION                    ; 9.0                            ; --            ; --          ; --             ;
; IP_TOOL_VERSION                    ; 9.0                            ; --            ; --          ; --             ;
; IP_TOOL_VERSION                    ; 9.0                            ; --            ; --          ; --             ;
; IP_TOOL_VERSION                    ; 9.0                            ; --            ; --          ; --             ;
; IP_TOOL_VERSION                    ; 9.0                            ; --            ; --          ; --             ;
; IP_TOOL_VERSION                    ; 9.0                            ; --            ; --          ; --             ;
; IP_TOOL_VERSION                    ; 9.0                            ; --            ; --          ; --             ;
; IP_TOOL_VERSION                    ; 9.0                            ; --            ; --          ; --             ;
; IP_TOOL_VERSION                    ; 9.0                            ; --            ; --          ; --             ;
; IP_TOOL_VERSION                    ; 9.0                            ; --            ; --          ; --             ;
; IP_TOOL_VERSION                    ; 9.0                            ; --            ; --          ; --             ;
; IP_TOOL_VERSION                    ; 9.0                            ; --            ; --          ; --             ;
; IP_TOOL_VERSION                    ; 9.0                            ; --            ; --          ; --             ;
; IP_TOOL_VERSION                    ; 9.0                            ; --            ; --          ; --             ;
; IP_TOOL_VERSION                    ; 9.0                            ; --            ; --          ; --             ;
; IP_TOOL_VERSION                    ; 9.0                            ; --            ; --          ; --             ;
; IP_TOOL_VERSION                    ; 9.0                            ; --            ; --          ; --             ;
; IP_TOOL_VERSION                    ; 9.0                            ; --            ; --          ; --             ;
; IP_TOOL_VERSION                    ; 9.0                            ; --            ; --          ; --             ;
; IP_TOOL_VERSION                    ; 9.0                            ; --            ; --          ; --             ;
; MAX_CORE_JUNCTION_TEMP             ; 85                             ; --            ; --          ; --             ;
; MIN_CORE_JUNCTION_TEMP             ; 0                              ; --            ; --          ; --             ;
; MISC_FILE                          ; counter.bsf                    ; --            ; --          ; --             ;
; MISC_FILE                          ; counter.inc                    ; --            ; --          ; --             ;
; MISC_FILE                          ; debug_constant.bsf             ; --            ; --          ; --             ;
; MISC_FILE                          ; debug_constant.inc             ; --            ; --          ; --             ;
; MISC_FILE                          ; and_14.bsf                     ; --            ; --          ; --             ;
; MISC_FILE                          ; and_14.inc                     ; --            ; --          ; --             ;
; MISC_FILE                          ; inv_14.bsf                     ; --            ; --          ; --             ;
; MISC_FILE                          ; inv_14.inc                     ; --            ; --          ; --             ;
; MISC_FILE                          ; counter15.bsf                  ; --            ; --          ; --             ;
; MISC_FILE                          ; counter15.inc                  ; --            ; --          ; --             ;
; MISC_FILE                          ; counter17.bsf                  ; --            ; --          ; --             ;
; MISC_FILE                          ; counter17.inc                  ; --            ; --          ; --             ;
; MISC_FILE                          ; cmp16.bsf                      ; --            ; --          ; --             ;
; MISC_FILE                          ; cmp16.inc                      ; --            ; --          ; --             ;
; MISC_FILE                          ; cmp16100k.bsf                  ; --            ; --          ; --             ;
; MISC_FILE                          ; cmp16100k.inc                  ; --            ; --          ; --             ;
; MISC_FILE                          ; mux_dac.bsf                    ; --            ; --          ; --             ;
; MISC_FILE                          ; mux_dac.inc                    ; --            ; --          ; --             ;
; MISC_FILE                          ; oxff.bsf                       ; --            ; --          ; --             ;
; MISC_FILE                          ; oxff.inc                       ; --            ; --          ; --             ;
; MISC_FILE                          ; ox00.bsf                       ; --            ; --          ; --             ;
; MISC_FILE                          ; ox00.inc                       ; --            ; --          ; --             ;
; MISC_FILE                          ; decod.bsf                      ; --            ; --          ; --             ;
; MISC_FILE                          ; decod.inc                      ; --            ; --          ; --             ;
; MISC_FILE                          ; lock.bsf                       ; --            ; --          ; --             ;
; MISC_FILE                          ; lock.inc                       ; --            ; --          ; --             ;
; MISC_FILE                          ; div666.bsf                     ; --            ; --          ; --             ;
; MISC_FILE                          ; div666.inc                     ; --            ; --          ; --             ;
; MISC_FILE                          ; ss.bsf                         ; --            ; --          ; --             ;
; MISC_FILE                          ; ss.inc                         ; --            ; --          ; --             ;
; MISC_FILE                          ; div5.bsf                       ; --            ; --          ; --             ;
; MISC_FILE                          ; div5.inc                       ; --            ; --          ; --             ;
; MISC_FILE                          ; inv4.bsf                       ; --            ; --          ; --             ;
; MISC_FILE                          ; inv4.inc                       ; --            ; --          ; --             ;
; MISC_FILE                          ; nor_14.bsf                     ; --            ; --          ; --             ;
; MISC_FILE                          ; nor_14.inc                     ; --            ; --          ; --             ;
; MISC_FILE                          ; reg4.bsf                       ; --            ; --          ; --             ;
; MISC_FILE                          ; reg4.inc                       ; --            ; --          ; --             ;
; MISC_FILE                          ; mux2_4.bsf                     ; --            ; --          ; --             ;
; MISC_FILE                          ; mux2_4.inc                     ; --            ; --          ; --             ;
; MISC_FILE                          ; clk2.bsf                       ; --            ; --          ; --             ;
; MISC_FILE                          ; clk2.inc                       ; --            ; --          ; --             ;
; MISC_FILE                          ; or8_bitvise.bsf                ; --            ; --          ; --             ;
; MISC_FILE                          ; or8_bitvise.inc                ; --            ; --          ; --             ;
; MISC_FILE                          ; const0x30.bsf                  ; --            ; --          ; --             ;
; MISC_FILE                          ; const0x30.inc                  ; --            ; --          ; --             ;
; MISC_FILE                          ; mux2_1.bsf                     ; --            ; --          ; --             ;
; MISC_FILE                          ; mux2_1.inc                     ; --            ; --          ; --             ;
; MISC_FILE                          ; mux2_1_1.bsf                   ; --            ; --          ; --             ;
; MISC_FILE                          ; mux2_1_1.inc                   ; --            ; --          ; --             ;
; MISC_FILE                          ; ../laba6/lcd_data_mem.bsf      ; --            ; --          ; --             ;
; MISC_FILE                          ; ../laba6/lcd_data_mem.inc      ; --            ; --          ; --             ;
; MISC_FILE                          ; dec_cnt.bsf                    ; --            ; --          ; --             ;
; MISC_FILE                          ; dec_cnt.inc                    ; --            ; --          ; --             ;
; MISC_FILE                          ; or4_bus.bsf                    ; --            ; --          ; --             ;
; MISC_FILE                          ; or4_bus.inc                    ; --            ; --          ; --             ;
; MISC_FILE                          ; shift_left_14.bsf              ; --            ; --          ; --             ;
; MISC_FILE                          ; shift_left_14.inc              ; --            ; --          ; --             ;
; MISC_FILE                          ; add_14.bsf                     ; --            ; --          ; --             ;
; MISC_FILE                          ; add_14.inc                     ; --            ; --          ; --             ;
; MISC_FILE                          ; dff_14.bsf                     ; --            ; --          ; --             ;
; MISC_FILE                          ; dff_14.inc                     ; --            ; --          ; --             ;
; MISC_FILE                          ; mux2_14.bsf                    ; --            ; --          ; --             ;
; MISC_FILE                          ; mux2_14.inc                    ; --            ; --          ; --             ;
; MISC_FILE                          ; const_2.bsf                    ; --            ; --          ; --             ;
; MISC_FILE                          ; const_2.inc                    ; --            ; --          ; --             ;
; MISC_FILE                          ; rom_kb_map.bsf                 ; --            ; --          ; --             ;
; MISC_FILE                          ; rom_kb_map.inc                 ; --            ; --          ; --             ;
; MISC_FILE                          ; cnt_10.bsf                     ; --            ; --          ; --             ;
; MISC_FILE                          ; cnt_10.inc                     ; --            ; --          ; --             ;
; MISC_FILE                          ; cnt_mod_10.bsf                 ; --            ; --          ; --             ;
; MISC_FILE                          ; cnt_mod_10.inc                 ; --            ; --          ; --             ;
; MISC_FILE                          ; dbg_const_1.bsf                ; --            ; --          ; --             ;
; MISC_FILE                          ; dbg_const_1.inc                ; --            ; --          ; --             ;
; MISC_FILE                          ; dbg_const_0.bsf                ; --            ; --          ; --             ;
; MISC_FILE                          ; dbg_const_0.inc                ; --            ; --          ; --             ;
; MISC_FILE                          ; and4_bus.bsf                   ; --            ; --          ; --             ;
; MISC_FILE                          ; and4_bus.inc                   ; --            ; --          ; --             ;
; MISC_FILE                          ; cmp10.bsf                      ; --            ; --          ; --             ;
; MISC_FILE                          ; cmp10.inc                      ; --            ; --          ; --             ;
; MISC_FILE                          ; lcd_init_mem.bsf               ; --            ; --          ; --             ;
; MISC_FILE                          ; lcd_init_mem.inc               ; --            ; --          ; --             ;
; USE_GENERATED_PHYSICAL_CONSTRAINTS ; Off                            ; --            ; --          ; eda_blast_fpga ;
+------------------------------------+--------------------------------+---------------+-------------+----------------+


+-----------------------------------------------------------------------------------------------------------------------------+
; Flow Elapsed Time                                                                                                           ;
+-------------------------+--------------+-------------------------+---------------------+------------------------------------+
; Module Name             ; Elapsed Time ; Average Processors Used ; Peak Virtual Memory ; Total CPU Time (on all processors) ;
+-------------------------+--------------+-------------------------+---------------------+------------------------------------+
; Analysis & Synthesis    ; 00:00:06     ; 1.0                     ; 225 MB              ; 00:00:06                           ;
; Fitter                  ; 00:00:03     ; 1.0                     ; 178 MB              ; 00:00:03                           ;
; Assembler               ; 00:00:00     ; 1.0                     ; 175 MB              ; 00:00:01                           ;
; Classic Timing Analyzer ; 00:00:01     ; 1.0                     ; 148 MB              ; 00:00:01                           ;
; Total                   ; 00:00:10     ; --                      ; --                  ; 00:00:11                           ;
+-------------------------+--------------+-------------------------+---------------------+------------------------------------+


+------------------------------------------------------------------------------------------+
; Flow OS Summary                                                                          ;
+-------------------------+------------------+---------------+------------+----------------+
; Module Name             ; Machine Hostname ; OS Name       ; OS Version ; Processor type ;
+-------------------------+------------------+---------------+------------+----------------+
; Analysis & Synthesis    ; гришенька-ПК     ; Windows Vista ; 6.1        ; i686           ;
; Fitter                  ; гришенька-ПК     ; Windows Vista ; 6.1        ; i686           ;
; Assembler               ; гришенька-ПК     ; Windows Vista ; 6.1        ; i686           ;
; Classic Timing Analyzer ; гришенька-ПК     ; Windows Vista ; 6.1        ; i686           ;
+-------------------------+------------------+---------------+------------+----------------+


------------
; Flow Log ;
------------
quartus_map --read_settings_files=on --write_settings_files=off course_project -c course_project
quartus_fit --read_settings_files=off --write_settings_files=off course_project -c course_project
quartus_asm --read_settings_files=off --write_settings_files=off course_project -c course_project
quartus_tan --read_settings_files=off --write_settings_files=off course_project -c course_project



